<?xml version="1.0" encoding="UTF-8"?>
<testng-results skipped="0" failed="0" total="1" passed="1">
  <reporter-output>
  </reporter-output>
  <suite name="All Test Suite" duration-ms="49146" started-at="2021-06-14T23:43:32Z" finished-at="2021-06-14T23:44:21Z">
    <groups>
    </groups>
    <test name="C:/Users/admin/IdeaProjects/PunePolicePortal/src/test/java/com/bridgelabz/PunePolicePortalTest.java" duration-ms="49146" started-at="2021-06-14T23:43:32Z" finished-at="2021-06-14T23:44:21Z">
      <class name="com.bridgelabz.PunePolicePortalTest">
        <test-method status="PASS" signature="setup()" name="setup" is-config="true" duration-ms="14912" started-at="2021-06-14T23:43:32Z" finished-at="2021-06-14T23:43:47Z">
        </test-method>
        <test-method status="PASS" signature="portalTest()" name="portalTest" duration-ms="32031" started-at="2021-06-14T23:43:47Z" finished-at="2021-06-14T23:44:19Z">
        </test-method>
        <test-method status="PASS" signature="teardown()" name="teardown" is-config="true" duration-ms="2172" started-at="2021-06-14T23:44:19Z" finished-at="2021-06-14T23:44:21Z">
        </test-method>
      </class>
    </test>
  </suite>
</testng-results>
